<?xml version="1.0" encoding="UTF-8"?>
<!-- Generated by org.testng.reporters.JUnitReportReporter -->
<testsuite hostname="ip-172-31-21-20" failures="0" tests="8" name="Test.AdminPageTest" time="24.289" errors="0" timestamp="2023-09-06T07:16:04 UTC" skipped="0">
  <testcase classname="Test.AdminPageTest" name="testPassword" time="0.004"/>
  <system-out/>
  <testcase classname="Test.AdminPageTest" name="adminLogin" time="2.227"/>
  <system-out/>
  <testcase classname="Test.AdminPageTest" name="homePageAdmin" time="1.106"/>
  <system-out/>
  <testcase classname="Test.AdminPageTest" name="setPlaces" time="1.330"/>
  <system-out/>
  <testcase classname="Test.AdminPageTest" name="addFlightName" time="4.532"/>
  <system-out/>
  <testcase classname="Test.AdminPageTest" name="setUpFlights" time="7.677"/>
  <system-out/>
  <testcase classname="Test.AdminPageTest" name="bookingValidation" time="4.209"/>
  <system-out/>
  <testcase classname="Test.AdminPageTest" name="admincredential" time="3.204"/>
  <system-out/>
</testsuite> <!-- Test.AdminPageTest -->
