<?xml version="1.0" encoding="UTF-8"?>
<!-- Generated by org.testng.reporters.JUnitReportReporter -->
<testsuite hostname="ip-172-31-21-20" failures="0" tests="6" name="Test.AppTest" time="4.655" errors="0" timestamp="2023-09-06T03:42:26 UTC" skipped="0">
  <testcase classname="Test.AppTest" name="loginPage" time="1.333"/>
  <system-out/>
  <testcase classname="Test.AppTest" name="editProfilePage" time="1.343"/>
  <system-out/>
  <testcase classname="Test.AppTest" name="homePage" time="0.463"/>
  <system-out/>
  <testcase classname="Test.AppTest" name="bookingFlight" time="1.204"/>
  <system-out/>
  <testcase classname="Test.AppTest" name="confirmFlight" time="0.190"/>
  <system-out/>
  <testcase classname="Test.AppTest" name="logoutPage" time="0.122"/>
  <system-out/>
</testsuite> <!-- Test.AppTest -->
