<?xml version="1.0" encoding="UTF-8"?>
<!-- Generated by org.testng.reporters.JUnitReportReporter -->
<testsuite hostname="ip-172-31-21-20" failures="0" tests="7" name="Test.UserPageTest" time="16.328" errors="0" timestamp="2023-09-06T07:16:04 UTC" skipped="0">
  <testcase classname="Test.UserPageTest" name="validateSignUp" time="4.570"/>
  <system-out/>
  <testcase classname="Test.UserPageTest" name="loginPage" time="2.293"/>
  <system-out/>
  <testcase classname="Test.UserPageTest" name="editProfilePage" time="2.371"/>
  <system-out/>
  <testcase classname="Test.UserPageTest" name="userHomePageValid" time="2.480"/>
  <system-out/>
  <testcase classname="Test.UserPageTest" name="bookingFlight" time="2.200"/>
  <system-out/>
  <testcase classname="Test.UserPageTest" name="confirmFlight" time="1.183"/>
  <system-out/>
  <testcase classname="Test.UserPageTest" name="logoutPage" time="1.231"/>
  <system-out/>
</testsuite> <!-- Test.UserPageTest -->
