<?xml version="1.0" encoding="UTF-8"?>
<!-- Generated by org.testng.reporters.JUnitReportReporter -->
<testsuite hostname="ip-172-31-21-20" failures="0" tests="2" name="Test.ApiTesting" time="1.450" errors="0" timestamp="2023-09-06T07:16:04 UTC" skipped="0">
  <testcase classname="Test.ApiTesting" name="getBookSeat" time="0.042"/>
  <system-out/>
  <testcase classname="Test.ApiTesting" name="getAllFlights" time="1.408"/>
  <system-out/>
</testsuite> <!-- Test.ApiTesting -->
