<?xml version="1.0" encoding="UTF-8"?>
<!-- Generated by org.testng.reporters.JUnitReportReporter -->
<testsuite hostname="ip-172-31-21-20" failures="0" tests="8" name="Test.AdminPageEditor" time="23.301" errors="0" timestamp="2023-09-06T05:35:24 UTC" skipped="0">
  <testcase classname="Test.AdminPageEditor" name="testPassword" time="0.008"/>
  <system-out/>
  <testcase classname="Test.AdminPageEditor" name="adminLogin" time="2.268"/>
  <system-out/>
  <testcase classname="Test.AdminPageEditor" name="homePageAdmin" time="1.111"/>
  <system-out/>
  <testcase classname="Test.AdminPageEditor" name="setPlaces" time="1.309"/>
  <system-out/>
  <testcase classname="Test.AdminPageEditor" name="addFlightName" time="3.472"/>
  <system-out/>
  <testcase classname="Test.AdminPageEditor" name="setUpFlights" time="7.733"/>
  <system-out/>
  <testcase classname="Test.AdminPageEditor" name="bookingValidation" time="4.230"/>
  <system-out/>
  <testcase classname="Test.AdminPageEditor" name="admincredential" time="3.170"/>
  <system-out/>
</testsuite> <!-- Test.AdminPageEditor -->
